<?xml version="1.0" encoding="UTF-8"?>
<TestRun id="dca0820d-6e49-40e8-8c9f-4d6127dd7e6e" name="Андрій@LH-9NCNEJTGS6TC 2010-10-28 01:34:59" runUser="LH-9NCNEJTGS6TC\Андрій" xmlns="http://microsoft.com/schemas/VisualStudio/TeamTest/2010">
  <TestSettings name="Local" id="fd16f1be-2759-44ec-adc6-1e6af6f0b040">
    <Description>These are default test settings for a local test run.</Description>
    <Deployment enabled="false" runDeploymentRoot="Андрій_LH-9NCNEJTGS6TC 2010-10-28 01_34_59" />
    <Execution>
      <TestTypeSpecific />
      <AgentRule name="Execution Agents">
      </AgentRule>
    </Execution>
  </TestSettings>
  <Times creation="2010-10-28T01:34:59.4906000+03:00" queuing="2010-10-28T01:35:01.6590000+03:00" start="2010-10-28T01:35:01.8618000+03:00" finish="2010-10-28T01:35:03.3126000+03:00" />
  <ResultSummary outcome="Completed">
    <Counters total="1" executed="1" passed="1" error="0" failed="0" timeout="0" aborted="0" inconclusive="0" passedButRunAborted="0" notRunnable="0" notExecuted="0" disconnected="0" warning="0" completed="0" inProgress="0" pending="0" />
  </ResultSummary>
  <TestDefinitions>
    <UnitTest name="TestMethod1" storage="f:\develop\c#\paydesk_ikc-e260t\testproject-paydesk-ikc\bin\debug\testproject-paydesk-ikc.dll" id="9247ffbf-f9cd-3438-89e3-39094500b468">
      <Execution id="f5b89b61-c696-4e25-99b8-7454e030c1fc" />
      <TestMethod codeBase="F:/Develop/C#/PayDesk_IKC-E260T/TestProject-PayDesk-IKC/bin/Debug/TestProject-PayDesk-IKC.DLL" adapterTypeName="Microsoft.VisualStudio.TestTools.TestTypes.Unit.UnitTestAdapter, Microsoft.VisualStudio.QualityTools.Tips.UnitTest.Adapter, Version=10.0.0.0, Culture=neutral, PublicKeyToken=b03f5f7f11d50a3a" className="TestProject_PayDesk_IKC.UnitTest_LoginForm, TestProject-PayDesk-IKC, Version=1.0.0.0, Culture=neutral, PublicKeyToken=null" name="TestMethod1" />
    </UnitTest>
  </TestDefinitions>
  <TestLists>
    <TestList name="Results Not in a List" id="8c84fa94-04c1-424b-9868-57a2d4851a1d" />
    <TestList name="All Loaded Results" id="19431567-8539-422a-85d7-44ee4e166bda" />
  </TestLists>
  <TestEntries>
    <TestEntry testId="9247ffbf-f9cd-3438-89e3-39094500b468" executionId="f5b89b61-c696-4e25-99b8-7454e030c1fc" testListId="8c84fa94-04c1-424b-9868-57a2d4851a1d" />
  </TestEntries>
  <Results>
    <UnitTestResult executionId="f5b89b61-c696-4e25-99b8-7454e030c1fc" testId="9247ffbf-f9cd-3438-89e3-39094500b468" testName="TestMethod1" computerName="LH-9NCNEJTGS6TC" duration="00:00:00.0667129" startTime="2010-10-28T01:35:01.9242000+03:00" endTime="2010-10-28T01:35:03.2034000+03:00" testType="13cdc9d9-ddb5-4fa4-a97d-d965ccfc6d4b" outcome="Passed" testListId="8c84fa94-04c1-424b-9868-57a2d4851a1d" relativeResultsDirectory="f5b89b61-c696-4e25-99b8-7454e030c1fc">
    </UnitTestResult>
  </Results>
</TestRun>